<?xml version="1.0" encoding="UTF-8"?>
<testng-results ignored="0" total="1" passed="1" failed="0" skipped="0">
  <reporter-output>
  </reporter-output>
  <suite started-at="2022-10-08T06:13:35Z" name="Default suite" finished-at="2022-10-08T06:13:58Z" duration-ms="22298">
    <groups>
    </groups>
    <test started-at="2022-10-08T06:13:35Z" name="Default test" finished-at="2022-10-08T06:13:58Z" duration-ms="22298">
      <class name="com.TaskTrello.TestClasses.TC006_LogOutActivity">
        <test-method is-config="true" signature="setup()[pri:0, instance:com.TaskTrello.TestClasses.TC006_LogOutActivity@76b1e9b8]" started-at="2022-10-08T06:13:35Z" name="setup" finished-at="2022-10-08T06:13:44Z" duration-ms="8800" status="PASS">
          <reporter-output>
          </reporter-output>
        </test-method> <!-- setup -->
        <test-method signature="Logout()[pri:0, instance:com.TaskTrello.TestClasses.TC006_LogOutActivity@76b1e9b8]" started-at="2022-10-08T06:13:44Z" name="Logout" finished-at="2022-10-08T06:13:58Z" duration-ms="13463" status="PASS">
          <reporter-output>
          </reporter-output>
        </test-method> <!-- Logout -->
      </class> <!-- com.TaskTrello.TestClasses.TC006_LogOutActivity -->
    </test> <!-- Default test -->
  </suite> <!-- Default suite -->
</testng-results>
